<?xml version="1.0" encoding="UTF-8"?>
<robot generated="20151016 09:13:33.400" generator="Robot 2.9.1 (Python 2.7.3 on linux2)">
<suite source="/workspace/robotframework/gmail.txt" id="s1" name="Gmail">
<test id="s1-t1" name="Invalid_Login">
<kw name="Open Browser To Login Page" library="resource">
<kw name="Open Browser" library="Selenium2Library">
<doc>Opens a new browser instance to given URL.</doc>
<arguments>
<arg>${login url}</arg>
<arg>${browser}</arg>
</arguments>
<msg timestamp="20151016 09:13:33.860" level="INFO">Opening browser 'gc' to base url 'https://gmail.com'</msg>
<status status="PASS" endtime="20151016 09:13:38.123" starttime="20151016 09:13:33.859"></status>
</kw>
<kw name="Set Selenium Speed" library="Selenium2Library">
<doc>Sets the delay in seconds that is waited after each Selenium command.</doc>
<arguments>
<arg>${delay}</arg>
</arguments>
<status status="PASS" endtime="20151016 09:13:38.127" starttime="20151016 09:13:38.124"></status>
</kw>
<kw name="Title Should Be" library="Selenium2Library">
<doc>Verifies that current page title equals `title`.</doc>
<arguments>
<arg>Gmail</arg>
</arguments>
<msg timestamp="20151016 09:13:39.157" level="INFO">Page title is 'Gmail'.</msg>
<status status="PASS" endtime="20151016 09:13:39.158" starttime="20151016 09:13:38.128"></status>
</kw>
<status status="PASS" endtime="20151016 09:13:39.159" starttime="20151016 09:13:33.857"></status>
</kw>
<kw name="Invalid Login Process" library="resource">
<kw name="Input Text" library="Selenium2Library">
<doc>Types the given `text` into text field identified by `locator`.</doc>
<arguments>
<arg>css=#Email</arg>
<arg>${invalid username}</arg>
</arguments>
<msg timestamp="20151016 09:13:39.162" level="INFO">Typing text 'invalidframework' into text field 'css=#Email'</msg>
<status status="PASS" endtime="20151016 09:13:42.376" starttime="20151016 09:13:39.160"></status>
</kw>
<kw name="Click Button" library="Selenium2Library">
<doc>Clicks a button identified by `locator`.</doc>
<arguments>
<arg>css=#next</arg>
</arguments>
<msg timestamp="20151016 09:13:42.378" level="INFO">Clicking button 'css=#next'.</msg>
<status status="PASS" endtime="20151016 09:13:45.586" starttime="20151016 09:13:42.377"></status>
</kw>
<kw name="Element Text Should Be" library="Selenium2Library">
<doc>Verifies element identified by `locator` exactly contains text `expected`.</doc>
<arguments>
<arg>id=errormsg_0_Email</arg>
<arg>Sorry, Google doesn't recognize that email.</arg>
</arguments>
<msg timestamp="20151016 09:13:45.588" level="INFO">Verifying element 'id=errormsg_0_Email' contains exactly text 'Sorry, Google doesn't recognize that email.'.</msg>
<status status="PASS" endtime="20151016 09:13:47.646" starttime="20151016 09:13:45.587"></status>
</kw>
<kw name="Input Text" library="Selenium2Library">
<doc>Types the given `text` into text field identified by `locator`.</doc>
<arguments>
<arg>css=#Email</arg>
<arg>${username}</arg>
</arguments>
<msg timestamp="20151016 09:13:47.648" level="INFO">Typing text 'frameworkrobot' into text field 'css=#Email'</msg>
<status status="PASS" endtime="20151016 09:13:50.803" starttime="20151016 09:13:47.647"></status>
</kw>
<kw name="Click Button" library="Selenium2Library">
<doc>Clicks a button identified by `locator`.</doc>
<arguments>
<arg>css=#next</arg>
</arguments>
<msg timestamp="20151016 09:13:50.805" level="INFO">Clicking button 'css=#next'.</msg>
<status status="PASS" endtime="20151016 09:13:53.970" starttime="20151016 09:13:50.804"></status>
</kw>
<kw name="Input Text" library="Selenium2Library">
<doc>Types the given `text` into text field identified by `locator`.</doc>
<arguments>
<arg>css=#Passwd</arg>
<arg>${invalid password}</arg>
</arguments>
<msg timestamp="20151016 09:13:53.971" level="INFO">Typing text 'invalidpass' into text field 'css=#Passwd'</msg>
<status status="PASS" endtime="20151016 09:13:57.118" starttime="20151016 09:13:53.970"></status>
</kw>
<kw name="Click Button" library="Selenium2Library">
<doc>Clicks a button identified by `locator`.</doc>
<arguments>
<arg>css=#signIn</arg>
</arguments>
<msg timestamp="20151016 09:13:57.119" level="INFO">Clicking button 'css=#signIn'.</msg>
<status status="PASS" endtime="20151016 09:14:01.466" starttime="20151016 09:13:57.118"></status>
</kw>
<kw name="Element Text Should Be" library="Selenium2Library">
<doc>Verifies element identified by `locator` exactly contains text `expected`.</doc>
<arguments>
<arg>xpath=/html/body/div/div[2]/div[2]/div[1]/form/div[2]/div/div[2]/span</arg>
<arg>The email and password you entered don't match.</arg>
</arguments>
<msg timestamp="20151016 09:14:01.467" level="INFO">Verifying element 'xpath=/html/body/div/div[2]/div[2]/div[1]/form/div[2]/div/div[2]/span' contains exactly text 'The email and password you entered don't match.'.</msg>
<status status="PASS" endtime="20151016 09:14:03.529" starttime="20151016 09:14:01.466"></status>
</kw>
<kw name="Click Element" library="Selenium2Library">
<doc>Click element identified by `locator`.</doc>
<arguments>
<arg>id=back-arrow</arg>
</arguments>
<msg timestamp="20151016 09:14:03.531" level="INFO">Clicking element 'id=back-arrow'.</msg>
<status status="PASS" endtime="20151016 09:14:05.622" starttime="20151016 09:14:03.530"></status>
</kw>
<status status="PASS" endtime="20151016 09:14:05.622" starttime="20151016 09:13:39.159"></status>
</kw>
<kw name="Close Browser" library="Selenium2Library">
<doc>Closes the current browser.</doc>
<status status="PASS" endtime="20151016 09:14:06.682" starttime="20151016 09:14:05.623"></status>
</kw>
<tags>
<tag>t-1</tag>
</tags>
<status status="PASS" endtime="20151016 09:14:06.683" critical="yes" starttime="20151016 09:13:33.856"></status>
</test>
<test id="s1-t2" name="Valid_Login">
<kw name="Open Browser To Login Page" library="resource">
<kw name="Open Browser" library="Selenium2Library">
<doc>Opens a new browser instance to given URL.</doc>
<arguments>
<arg>${login url}</arg>
<arg>${browser}</arg>
</arguments>
<msg timestamp="20151016 09:14:06.688" level="INFO">Opening browser 'gc' to base url 'https://gmail.com'</msg>
<status status="PASS" endtime="20151016 09:14:13.404" starttime="20151016 09:14:06.687"></status>
</kw>
<kw name="Set Selenium Speed" library="Selenium2Library">
<doc>Sets the delay in seconds that is waited after each Selenium command.</doc>
<arguments>
<arg>${delay}</arg>
</arguments>
<status status="PASS" endtime="20151016 09:14:13.406" starttime="20151016 09:14:13.405"></status>
</kw>
<kw name="Title Should Be" library="Selenium2Library">
<doc>Verifies that current page title equals `title`.</doc>
<arguments>
<arg>Gmail</arg>
</arguments>
<msg timestamp="20151016 09:14:14.416" level="INFO">Page title is 'Gmail'.</msg>
<status status="PASS" endtime="20151016 09:14:14.417" starttime="20151016 09:14:13.407"></status>
</kw>
<status status="PASS" endtime="20151016 09:14:14.418" starttime="20151016 09:14:06.685"></status>
</kw>
<kw name="Login Process" library="resource">
<kw name="Input Text" library="Selenium2Library">
<doc>Types the given `text` into text field identified by `locator`.</doc>
<arguments>
<arg>css=#Email</arg>
<arg>${username}</arg>
</arguments>
<msg timestamp="20151016 09:14:14.421" level="INFO">Typing text 'frameworkrobot' into text field 'css=#Email'</msg>
<status status="PASS" endtime="20151016 09:14:17.638" starttime="20151016 09:14:14.420"></status>
</kw>
<kw name="Click Button" library="Selenium2Library">
<doc>Clicks a button identified by `locator`.</doc>
<arguments>
<arg>css=#next</arg>
</arguments>
<msg timestamp="20151016 09:14:17.640" level="INFO">Clicking button 'css=#next'.</msg>
<status status="PASS" endtime="20151016 09:14:20.839" starttime="20151016 09:14:17.639"></status>
</kw>
<kw name="Input Text" library="Selenium2Library">
<doc>Types the given `text` into text field identified by `locator`.</doc>
<arguments>
<arg>css=#Passwd</arg>
<arg>${password}</arg>
</arguments>
<msg timestamp="20151016 09:14:20.841" level="INFO">Typing text 'robot!test2015' into text field 'css=#Passwd'</msg>
<status status="PASS" endtime="20151016 09:14:24.009" starttime="20151016 09:14:20.840"></status>
</kw>
<kw name="Unselect Checkbox" library="Selenium2Library">
<doc>Removes selection of checkbox identified by `locator`.</doc>
<arguments>
<arg>css=#PersistentCookie</arg>
</arguments>
<msg timestamp="20151016 09:14:24.011" level="INFO">Unselecting checkbox 'css=#PersistentCookie'.</msg>
<status status="PASS" endtime="20151016 09:14:28.116" starttime="20151016 09:14:24.010"></status>
</kw>
<kw name="Click Button" library="Selenium2Library">
<doc>Clicks a button identified by `locator`.</doc>
<arguments>
<arg>css=#signIn</arg>
</arguments>
<msg timestamp="20151016 09:14:28.118" level="INFO">Clicking button 'css=#signIn'.</msg>
<status status="PASS" endtime="20151016 09:14:31.967" starttime="20151016 09:14:28.117"></status>
</kw>
<kw name="Wait Until Page Contains" library="Selenium2Library">
<doc>Waits until `text` appears on current page.</doc>
<arguments>
<arg>text=Gmail</arg>
</arguments>
<status status="PASS" endtime="20151016 09:14:38.276" starttime="20151016 09:14:31.969"></status>
</kw>
<status status="PASS" endtime="20151016 09:14:38.278" starttime="20151016 09:14:14.419"></status>
</kw>
<tags>
<tag>t-2</tag>
</tags>
<status status="PASS" endtime="20151016 09:14:38.281" critical="yes" starttime="20151016 09:14:06.684"></status>
</test>
<test id="s1-t3" name="New_Message">
<kw name="Write new message" library="resource">
<kw name="Go To" library="Selenium2Library">
<doc>Navigates the active browser instance to the provided URL.</doc>
<arguments>
<arg>${url new}</arg>
</arguments>
<msg timestamp="20151016 09:14:38.286" level="INFO">Opening url 'https://mail.google.com/mail/#inbox?compose=new'</msg>
<kw name="Capture Page Screenshot" library="Selenium2Library">
<doc>Takes a screenshot of the current page and embeds it into the log.</doc>
<msg timestamp="20151016 09:24:59.976" level="FAIL">TimeoutException: Message: timeout: Timed out receiving message from renderer: 10.000
  (Session info: chrome=45.0.2454.85)
  (Driver info: chromedriver=2.19.346067 (6abd8652f8bc7a1d825962003ac88ec6a37a82f1),platform=Linux 3.13.0-32-generic x86_64)
</msg>
<status status="FAIL" endtime="20151016 09:24:59.976" starttime="20151016 09:19:49.943"></status>
</kw>
<msg timestamp="20151016 09:24:59.977" level="WARN">Keyword 'Capture Page Screenshot' could not be run on failure: TimeoutException: Message: timeout: Timed out receiving message from renderer: 10.000
  (Session info: chrome=45.0.2454.85)
  (Driver info: chromedriver=2.19.346067 (6abd8652f8bc7a1d825962003ac88ec6a37a82f1),platform=Linux 3.13.0-32-generic x86_64)
</msg>
<msg timestamp="20151016 09:24:59.981" level="FAIL">TimeoutException: Message: timeout: Timed out receiving message from renderer: 10.000
  (Session info: chrome=45.0.2454.85)
  (Driver info: chromedriver=2.19.346067 (6abd8652f8bc7a1d825962003ac88ec6a37a82f1),platform=Linux 3.13.0-32-generic x86_64)
</msg>
<status status="FAIL" endtime="20151016 09:24:59.982" starttime="20151016 09:14:38.285"></status>
</kw>
<status status="FAIL" endtime="20151016 09:24:59.983" starttime="20151016 09:14:38.284"></status>
</kw>
<tags>
<tag>t-3</tag>
</tags>
<status status="FAIL" endtime="20151016 09:24:59.983" critical="yes" starttime="20151016 09:14:38.282">TimeoutException: Message: timeout: Timed out receiving message from renderer: 10.000
  (Session info: chrome=45.0.2454.85)
  (Driver info: chromedriver=2.19.346067 (6abd8652f8bc7a1d825962003ac88ec6a37a82f1),platform=Linux 3.13.0-32-generic x86_64)
</status>
</test>
<test id="s1-t4" name="Delete_Message">
<kw name="Delete written message" library="resource">
<kw name="Go To" library="Selenium2Library">
<doc>Navigates the active browser instance to the provided URL.</doc>
<arguments>
<arg>${url sent}</arg>
</arguments>
<msg timestamp="20151016 09:24:59.988" level="INFO">Opening url 'https://mail.google.com/mail/#sent'</msg>
<kw name="Capture Page Screenshot" library="Selenium2Library">
<doc>Takes a screenshot of the current page and embeds it into the log.</doc>
<msg timestamp="20151016 09:35:20.003" level="FAIL">TimeoutException: Message: timeout: Timed out receiving message from renderer: 10.000
  (Session info: chrome=45.0.2454.85)
  (Driver info: chromedriver=2.19.346067 (6abd8652f8bc7a1d825962003ac88ec6a37a82f1),platform=Linux 3.13.0-32-generic x86_64)
</msg>
<status status="FAIL" endtime="20151016 09:35:20.004" starttime="20151016 09:30:09.994"></status>
</kw>
<msg timestamp="20151016 09:35:20.004" level="WARN">Keyword 'Capture Page Screenshot' could not be run on failure: TimeoutException: Message: timeout: Timed out receiving message from renderer: 10.000
  (Session info: chrome=45.0.2454.85)
  (Driver info: chromedriver=2.19.346067 (6abd8652f8bc7a1d825962003ac88ec6a37a82f1),platform=Linux 3.13.0-32-generic x86_64)
</msg>
<msg timestamp="20151016 09:35:20.005" level="FAIL">TimeoutException: Message: timeout: Timed out receiving message from renderer: 10.000
  (Session info: chrome=45.0.2454.85)
  (Driver info: chromedriver=2.19.346067 (6abd8652f8bc7a1d825962003ac88ec6a37a82f1),platform=Linux 3.13.0-32-generic x86_64)
</msg>
<status status="FAIL" endtime="20151016 09:35:20.006" starttime="20151016 09:24:59.987"></status>
</kw>
<status status="FAIL" endtime="20151016 09:35:20.006" starttime="20151016 09:24:59.985"></status>
</kw>
<tags>
<tag>t-4</tag>
</tags>
<status status="FAIL" endtime="20151016 09:35:20.007" critical="yes" starttime="20151016 09:24:59.984">TimeoutException: Message: timeout: Timed out receiving message from renderer: 10.000
  (Session info: chrome=45.0.2454.85)
  (Driver info: chromedriver=2.19.346067 (6abd8652f8bc7a1d825962003ac88ec6a37a82f1),platform=Linux 3.13.0-32-generic x86_64)
</status>
</test>
<test id="s1-t5" name="Draft_Page">
<kw name="Check Terms text link" library="resource">
<kw name="Go To" library="Selenium2Library">
<doc>Navigates the active browser instance to the provided URL.</doc>
<arguments>
<arg>${url draft}</arg>
</arguments>
<msg timestamp="20151016 09:35:20.011" level="INFO">Opening url 'https://mail.google.com/mail/#drafts'</msg>
<kw name="Capture Page Screenshot" library="Selenium2Library">
<doc>Takes a screenshot of the current page and embeds it into the log.</doc>
<msg timestamp="20151016 09:45:40.035" level="FAIL">TimeoutException: Message: timeout: Timed out receiving message from renderer: 10.000
  (Session info: chrome=45.0.2454.85)
  (Driver info: chromedriver=2.19.346067 (6abd8652f8bc7a1d825962003ac88ec6a37a82f1),platform=Linux 3.13.0-32-generic x86_64)
</msg>
<status status="FAIL" endtime="20151016 09:45:40.036" starttime="20151016 09:40:30.027"></status>
</kw>
<msg timestamp="20151016 09:45:40.036" level="WARN">Keyword 'Capture Page Screenshot' could not be run on failure: TimeoutException: Message: timeout: Timed out receiving message from renderer: 10.000
  (Session info: chrome=45.0.2454.85)
  (Driver info: chromedriver=2.19.346067 (6abd8652f8bc7a1d825962003ac88ec6a37a82f1),platform=Linux 3.13.0-32-generic x86_64)
</msg>
<msg timestamp="20151016 09:45:40.037" level="FAIL">TimeoutException: Message: timeout: Timed out receiving message from renderer: 10.000
  (Session info: chrome=45.0.2454.85)
  (Driver info: chromedriver=2.19.346067 (6abd8652f8bc7a1d825962003ac88ec6a37a82f1),platform=Linux 3.13.0-32-generic x86_64)
</msg>
<status status="FAIL" endtime="20151016 09:45:40.038" starttime="20151016 09:35:20.010"></status>
</kw>
<status status="FAIL" endtime="20151016 09:45:40.038" starttime="20151016 09:35:20.009"></status>
</kw>
<tags>
<tag>t-5</tag>
</tags>
<status status="FAIL" endtime="20151016 09:45:40.039" critical="yes" starttime="20151016 09:35:20.008">TimeoutException: Message: timeout: Timed out receiving message from renderer: 10.000
  (Session info: chrome=45.0.2454.85)
  (Driver info: chromedriver=2.19.346067 (6abd8652f8bc7a1d825962003ac88ec6a37a82f1),platform=Linux 3.13.0-32-generic x86_64)
</status>
</test>
<test id="s1-t6" name="Apps_Window">
<kw name="Google Apps" library="resource">
<kw name="Click Element" library="Selenium2Library">
<doc>Click element identified by `locator`.</doc>
<arguments>
<arg>xpath=/html/body/div[7]/div[3]/div/div[1]/div[4]/div[1]/div[1]/div[1]/div/div[2]/div[1]/a</arg>
</arguments>
<msg timestamp="20151016 09:45:40.043" level="INFO">Clicking element 'xpath=/html/body/div[7]/div[3]/div/div[1]/div[4]/div[1]/div[1]/div[1]/div/div[2]/div[1]/a'.</msg>
<kw name="Capture Page Screenshot" library="Selenium2Library">
<doc>Takes a screenshot of the current page and embeds it into the log.</doc>
<msg timestamp="20151016 09:56:00.073" level="FAIL">TimeoutException: Message: timeout: Timed out receiving message from renderer: 10.000
  (Session info: chrome=45.0.2454.85)
  (Driver info: chromedriver=2.19.346067 (6abd8652f8bc7a1d825962003ac88ec6a37a82f1),platform=Linux 3.13.0-32-generic x86_64)
</msg>
<status status="FAIL" endtime="20151016 09:56:00.074" starttime="20151016 09:50:50.065"></status>
</kw>
<msg timestamp="20151016 09:56:00.074" level="WARN">Keyword 'Capture Page Screenshot' could not be run on failure: TimeoutException: Message: timeout: Timed out receiving message from renderer: 10.000
  (Session info: chrome=45.0.2454.85)
  (Driver info: chromedriver=2.19.346067 (6abd8652f8bc7a1d825962003ac88ec6a37a82f1),platform=Linux 3.13.0-32-generic x86_64)
</msg>
<msg timestamp="20151016 09:56:00.097" level="FAIL">TimeoutException: Message: timeout: Timed out receiving message from renderer: 10.000
  (Session info: chrome=45.0.2454.85)
  (Driver info: chromedriver=2.19.346067 (6abd8652f8bc7a1d825962003ac88ec6a37a82f1),platform=Linux 3.13.0-32-generic x86_64)
</msg>
<status status="FAIL" endtime="20151016 09:56:00.097" starttime="20151016 09:45:40.042"></status>
</kw>
<status status="FAIL" endtime="20151016 09:56:00.098" starttime="20151016 09:45:40.041"></status>
</kw>
<tags>
<tag>t-6</tag>
</tags>
<status status="FAIL" endtime="20151016 09:56:00.099" critical="yes" starttime="20151016 09:45:40.040">TimeoutException: Message: timeout: Timed out receiving message from renderer: 10.000
  (Session info: chrome=45.0.2454.85)
  (Driver info: chromedriver=2.19.346067 (6abd8652f8bc7a1d825962003ac88ec6a37a82f1),platform=Linux 3.13.0-32-generic x86_64)
</status>
</test>
<test id="s1-t7" name="Google_Play_Window">
<kw name="Switch to Google Play window" library="resource">
<kw name="Select Window" library="Selenium2Library">
<doc>Selects the window matching locator and return previous window handle.</doc>
<arguments>
<arg>url=${url gp}</arg>
</arguments>
<kw name="Capture Page Screenshot" library="Selenium2Library">
<doc>Takes a screenshot of the current page and embeds it into the log.</doc>
<msg timestamp="20151016 10:06:24.404" level="FAIL">TimeoutException: Message: timeout: Timed out receiving message from renderer: 10.000
  (Session info: chrome=45.0.2454.85)
  (Driver info: chromedriver=2.19.346067 (6abd8652f8bc7a1d825962003ac88ec6a37a82f1),platform=Linux 3.13.0-32-generic x86_64)
</msg>
<status status="FAIL" endtime="20151016 10:06:24.404" starttime="20151016 10:01:14.395"></status>
</kw>
<msg timestamp="20151016 10:06:24.405" level="WARN">Keyword 'Capture Page Screenshot' could not be run on failure: TimeoutException: Message: timeout: Timed out receiving message from renderer: 10.000
  (Session info: chrome=45.0.2454.85)
  (Driver info: chromedriver=2.19.346067 (6abd8652f8bc7a1d825962003ac88ec6a37a82f1),platform=Linux 3.13.0-32-generic x86_64)
</msg>
<msg timestamp="20151016 10:06:24.415" level="FAIL">TimeoutException: Message: timeout: Timed out receiving message from renderer: 10.000
  (Session info: chrome=45.0.2454.85)
  (Driver info: chromedriver=2.19.346067 (6abd8652f8bc7a1d825962003ac88ec6a37a82f1),platform=Linux 3.13.0-32-generic x86_64)
</msg>
<status status="FAIL" endtime="20151016 10:06:24.415" starttime="20151016 09:56:00.102"></status>
</kw>
<status status="FAIL" endtime="20151016 10:06:24.416" starttime="20151016 09:56:00.101"></status>
</kw>
<tags>
<tag>t-7</tag>
</tags>
<status status="FAIL" endtime="20151016 10:06:24.417" critical="yes" starttime="20151016 09:56:00.100">TimeoutException: Message: timeout: Timed out receiving message from renderer: 10.000
  (Session info: chrome=45.0.2454.85)
  (Driver info: chromedriver=2.19.346067 (6abd8652f8bc7a1d825962003ac88ec6a37a82f1),platform=Linux 3.13.0-32-generic x86_64)
</status>
</test>
<test id="s1-t8" name="Animation_Ðœovies">
<kw name="Play first video" library="resource">
<kw name="Click Element" library="Selenium2Library">
<doc>Click element identified by `locator`.</doc>
<arguments>
<arg>xpath=/html/body/div[1]/div[60]/div[6]/div[2]/div/div[1]/div/div[1]/div/div[2]/div[1]/div/div[1]/a/span[2]/span</arg>
</arguments>
<msg timestamp="20151016 10:06:24.421" level="INFO">Clicking element 'xpath=/html/body/div[1]/div[60]/div[6]/div[2]/div/div[1]/div/div[1]/div/div[2]/div[1]/div/div[1]/a/span[2]/span'.</msg>
<kw name="Capture Page Screenshot" library="Selenium2Library">
<doc>Takes a screenshot of the current page and embeds it into the log.</doc>
<msg timestamp="20151016 10:16:44.435" level="FAIL">TimeoutException: Message: timeout: Timed out receiving message from renderer: 10.000
  (Session info: chrome=45.0.2454.85)
  (Driver info: chromedriver=2.19.346067 (6abd8652f8bc7a1d825962003ac88ec6a37a82f1),platform=Linux 3.13.0-32-generic x86_64)
</msg>
<status status="FAIL" endtime="20151016 10:16:44.436" starttime="20151016 10:11:34.427"></status>
</kw>
<msg timestamp="20151016 10:16:44.437" level="WARN">Keyword 'Capture Page Screenshot' could not be run on failure: TimeoutException: Message: timeout: Timed out receiving message from renderer: 10.000
  (Session info: chrome=45.0.2454.85)
  (Driver info: chromedriver=2.19.346067 (6abd8652f8bc7a1d825962003ac88ec6a37a82f1),platform=Linux 3.13.0-32-generic x86_64)
</msg>
<msg timestamp="20151016 10:16:44.438" level="FAIL">TimeoutException: Message: timeout: Timed out receiving message from renderer: 10.000
  (Session info: chrome=45.0.2454.85)
  (Driver info: chromedriver=2.19.346067 (6abd8652f8bc7a1d825962003ac88ec6a37a82f1),platform=Linux 3.13.0-32-generic x86_64)
</msg>
<status status="FAIL" endtime="20151016 10:16:44.438" starttime="20151016 10:06:24.420"></status>
</kw>
<status status="FAIL" endtime="20151016 10:16:44.439" starttime="20151016 10:06:24.419"></status>
</kw>
<tags>
<tag>t-8</tag>
</tags>
<status status="FAIL" endtime="20151016 10:16:44.439" critical="yes" starttime="20151016 10:06:24.418">TimeoutException: Message: timeout: Timed out receiving message from renderer: 10.000
  (Session info: chrome=45.0.2454.85)
  (Driver info: chromedriver=2.19.346067 (6abd8652f8bc7a1d825962003ac88ec6a37a82f1),platform=Linux 3.13.0-32-generic x86_64)
</status>
</test>
<test id="s1-t9" name="Gmail_Window">
<kw name="Switch to Gmail window" library="resource">
<kw name="Select Window" library="Selenium2Library">
<doc>Selects the window matching locator and return previous window handle.</doc>
<arguments>
<arg>url=${url draft}</arg>
</arguments>
<kw name="Capture Page Screenshot" library="Selenium2Library">
<doc>Takes a screenshot of the current page and embeds it into the log.</doc>
<msg timestamp="20151016 10:22:56.762" level="FAIL">AttributeError: 'NoneType' object has no attribute 'encode'</msg>
<status status="FAIL" endtime="20151016 10:22:56.762" starttime="20151016 10:21:58.465"></status>
</kw>
<msg timestamp="20151016 10:22:56.763" level="WARN">Keyword 'Capture Page Screenshot' could not be run on failure: AttributeError: 'NoneType' object has no attribute 'encode'</msg>
<msg timestamp="20151016 10:22:56.763" level="FAIL">TimeoutException: Message: timeout: Timed out receiving message from renderer: 10.000
  (Session info: chrome=45.0.2454.85)
  (Driver info: chromedriver=2.19.346067 (6abd8652f8bc7a1d825962003ac88ec6a37a82f1),platform=Linux 3.13.0-32-generic x86_64)
</msg>
<status status="FAIL" endtime="20151016 10:22:56.764" starttime="20151016 10:16:44.443"></status>
</kw>
<status status="FAIL" endtime="20151016 10:22:56.765" starttime="20151016 10:16:44.442"></status>
</kw>
<tags>
<tag>t-9</tag>
</tags>
<status status="FAIL" endtime="20151016 10:22:56.765" critical="yes" starttime="20151016 10:16:44.440">TimeoutException: Message: timeout: Timed out receiving message from renderer: 10.000
  (Session info: chrome=45.0.2454.85)
  (Driver info: chromedriver=2.19.346067 (6abd8652f8bc7a1d825962003ac88ec6a37a82f1),platform=Linux 3.13.0-32-generic x86_64)
</status>
</test>
<test id="s1-t10" name="Sign_Out">
<kw name="Sign out from Gmail" library="resource">
<kw name="Click Element" library="Selenium2Library">
<doc>Click element identified by `locator`.</doc>
<arguments>
<arg>xpath=/html/body/div[7]/div[3]/div/div[1]/div[4]/div[1]/div[1]/div[1]/div/div[4]/div[1]/a</arg>
</arguments>
<msg timestamp="20151016 10:22:56.769" level="INFO">Clicking element 'xpath=/html/body/div[7]/div[3]/div/div[1]/div[4]/div[1]/div[1]/div[1]/div/div[4]/div[1]/a'.</msg>
<kw name="Capture Page Screenshot" library="Selenium2Library">
<doc>Takes a screenshot of the current page and embeds it into the log.</doc>
<msg timestamp="20151016 10:22:56.776" level="FAIL">NoSuchWindowException: Message: no such window: target window already closed
from unknown error: web view not found
  (Session info: chrome=45.0.2454.85)
  (Driver info: chromedriver=2.19.346067 (6abd8652f8bc7a1d825962003ac88ec6a37a82f1),platform=Linux 3.13.0-32-generic x86_64)
</msg>
<status status="FAIL" endtime="20151016 10:22:56.777" starttime="20151016 10:22:56.772"></status>
</kw>
<msg timestamp="20151016 10:22:56.777" level="WARN">Keyword 'Capture Page Screenshot' could not be run on failure: NoSuchWindowException: Message: no such window: target window already closed
from unknown error: web view not found
  (Session info: chrome=45.0.2454.85)
  (Driver info: chromedriver=2.19.346067 (6abd8652f8bc7a1d825962003ac88ec6a37a82f1),platform=Linux 3.13.0-32-generic x86_64)
</msg>
<msg timestamp="20151016 10:22:56.778" level="FAIL">NoSuchWindowException: Message: no such window: target window already closed
from unknown error: web view not found
  (Session info: chrome=45.0.2454.85)
  (Driver info: chromedriver=2.19.346067 (6abd8652f8bc7a1d825962003ac88ec6a37a82f1),platform=Linux 3.13.0-32-generic x86_64)
</msg>
<status status="FAIL" endtime="20151016 10:22:56.779" starttime="20151016 10:22:56.769"></status>
</kw>
<status status="FAIL" endtime="20151016 10:22:56.779" starttime="20151016 10:22:56.767"></status>
</kw>
<tags>
<tag>t-10</tag>
</tags>
<status status="FAIL" endtime="20151016 10:22:56.780" critical="yes" starttime="20151016 10:22:56.766">NoSuchWindowException: Message: no such window: target window already closed
from unknown error: web view not found
  (Session info: chrome=45.0.2454.85)
  (Driver info: chromedriver=2.19.346067 (6abd8652f8bc7a1d825962003ac88ec6a37a82f1),platform=Linux 3.13.0-32-generic x86_64)
</status>
</test>
<kw type="teardown" name="Close Browser" library="Selenium2Library">
<doc>Closes the current browser.</doc>
<status status="PASS" endtime="20151016 10:22:58.272" starttime="20151016 10:22:56.782"></status>
</kw>
<doc>A test suite with the multiple test cases for Gmail.
The tests has a workflow that is created using keywords from the
resource file.</doc>
<metadata>
<item name="Version">1.0</item>
</metadata>
<status status="FAIL" endtime="20151016 10:22:58.272" starttime="20151016 09:13:33.401"></status>
</suite>
<statistics>
<total>
<stat fail="8" pass="2">Critical Tests</stat>
<stat fail="8" pass="2">All Tests</stat>
</total>
<tag>
<stat fail="0" pass="1">t-1</stat>
<stat fail="1" pass="0">t-10</stat>
<stat fail="0" pass="1">t-2</stat>
<stat fail="1" pass="0">t-3</stat>
<stat fail="1" pass="0">t-4</stat>
<stat fail="1" pass="0">t-5</stat>
<stat fail="1" pass="0">t-6</stat>
<stat fail="1" pass="0">t-7</stat>
<stat fail="1" pass="0">t-8</stat>
<stat fail="1" pass="0">t-9</stat>
</tag>
<suite>
<stat fail="8" id="s1" name="Gmail" pass="2">Gmail</stat>
</suite>
</statistics>
<errors>
<msg timestamp="20151016 09:24:59.977" level="WARN">Keyword 'Capture Page Screenshot' could not be run on failure: TimeoutException: Message: timeout: Timed out receiving message from renderer: 10.000
  (Session info: chrome=45.0.2454.85)
  (Driver info: chromedriver=2.19.346067 (6abd8652f8bc7a1d825962003ac88ec6a37a82f1),platform=Linux 3.13.0-32-generic x86_64)
</msg>
<msg timestamp="20151016 09:35:20.004" level="WARN">Keyword 'Capture Page Screenshot' could not be run on failure: TimeoutException: Message: timeout: Timed out receiving message from renderer: 10.000
  (Session info: chrome=45.0.2454.85)
  (Driver info: chromedriver=2.19.346067 (6abd8652f8bc7a1d825962003ac88ec6a37a82f1),platform=Linux 3.13.0-32-generic x86_64)
</msg>
<msg timestamp="20151016 09:45:40.036" level="WARN">Keyword 'Capture Page Screenshot' could not be run on failure: TimeoutException: Message: timeout: Timed out receiving message from renderer: 10.000
  (Session info: chrome=45.0.2454.85)
  (Driver info: chromedriver=2.19.346067 (6abd8652f8bc7a1d825962003ac88ec6a37a82f1),platform=Linux 3.13.0-32-generic x86_64)
</msg>
<msg timestamp="20151016 09:56:00.074" level="WARN">Keyword 'Capture Page Screenshot' could not be run on failure: TimeoutException: Message: timeout: Timed out receiving message from renderer: 10.000
  (Session info: chrome=45.0.2454.85)
  (Driver info: chromedriver=2.19.346067 (6abd8652f8bc7a1d825962003ac88ec6a37a82f1),platform=Linux 3.13.0-32-generic x86_64)
</msg>
<msg timestamp="20151016 10:06:24.405" level="WARN">Keyword 'Capture Page Screenshot' could not be run on failure: TimeoutException: Message: timeout: Timed out receiving message from renderer: 10.000
  (Session info: chrome=45.0.2454.85)
  (Driver info: chromedriver=2.19.346067 (6abd8652f8bc7a1d825962003ac88ec6a37a82f1),platform=Linux 3.13.0-32-generic x86_64)
</msg>
<msg timestamp="20151016 10:16:44.437" level="WARN">Keyword 'Capture Page Screenshot' could not be run on failure: TimeoutException: Message: timeout: Timed out receiving message from renderer: 10.000
  (Session info: chrome=45.0.2454.85)
  (Driver info: chromedriver=2.19.346067 (6abd8652f8bc7a1d825962003ac88ec6a37a82f1),platform=Linux 3.13.0-32-generic x86_64)
</msg>
<msg timestamp="20151016 10:22:56.763" level="WARN">Keyword 'Capture Page Screenshot' could not be run on failure: AttributeError: 'NoneType' object has no attribute 'encode'</msg>
<msg timestamp="20151016 10:22:56.777" level="WARN">Keyword 'Capture Page Screenshot' could not be run on failure: NoSuchWindowException: Message: no such window: target window already closed
from unknown error: web view not found
  (Session info: chrome=45.0.2454.85)
  (Driver info: chromedriver=2.19.346067 (6abd8652f8bc7a1d825962003ac88ec6a37a82f1),platform=Linux 3.13.0-32-generic x86_64)
</msg>
</errors>
</robot>
